<?xml version="1.0" encoding="UTF-8"?>
<testsuite xmlns:xsi="http://www.w3.org/2001/XMLSchema-instance" xsi:noNamespaceSchemaLocation="https://maven.apache.org/surefire/maven-surefire-plugin/xsd/surefire-test-report.xsd" version="3.0.1" name="runner.TestRunner" time="11.496" tests="1" errors="0" skipped="0" failures="0">
  <properties>
    <property name="java.specification.version" value="23"/>
    <property name="webdriver.chrome.driver" value="/Users/ilham/.cache/selenium/chromedriver/mac-arm64/133.0.6943.98/chromedriver"/>
    <property name="sun.jnu.encoding" value="UTF-8"/>
    <property name="java.class.path" value="/Users/ilham/development/csite5.1/careersite/target/test-classes:/Users/ilham/development/csite5.1/careersite/target/classes:/Users/ilham/.m2/repository/org/junit/jupiter/junit-jupiter-api/5.11.0/junit-jupiter-api-5.11.0.jar:/Users/ilham/.m2/repository/org/opentest4j/opentest4j/1.3.0/opentest4j-1.3.0.jar:/Users/ilham/.m2/repository/org/junit/platform/junit-platform-commons/1.11.0/junit-platform-commons-1.11.0.jar:/Users/ilham/.m2/repository/org/apiguardian/apiguardian-api/1.1.2/apiguardian-api-1.1.2.jar:/Users/ilham/.m2/repository/org/junit/jupiter/junit-jupiter-params/5.11.0/junit-jupiter-params-5.11.0.jar:/Users/ilham/.m2/repository/org/junit/jupiter/junit-jupiter-engine/5.11.0/junit-jupiter-engine-5.11.0.jar:/Users/ilham/.m2/repository/org/junit/platform/junit-platform-engine/1.11.0/junit-platform-engine-1.11.0.jar:/Users/ilham/.m2/repository/org/seleniumhq/selenium/selenium-java/4.28.1/selenium-java-4.28.1.jar:/Users/ilham/.m2/repository/org/seleniumhq/selenium/selenium-api/4.28.1/selenium-api-4.28.1.jar:/Users/ilham/.m2/repository/org/jspecify/jspecify/1.0.0/jspecify-1.0.0.jar:/Users/ilham/.m2/repository/org/seleniumhq/selenium/selenium-devtools-v130/4.28.1/selenium-devtools-v130-4.28.1.jar:/Users/ilham/.m2/repository/org/seleniumhq/selenium/selenium-devtools-v131/4.28.1/selenium-devtools-v131-4.28.1.jar:/Users/ilham/.m2/repository/org/seleniumhq/selenium/selenium-devtools-v132/4.28.1/selenium-devtools-v132-4.28.1.jar:/Users/ilham/.m2/repository/org/seleniumhq/selenium/selenium-devtools-v85/4.28.1/selenium-devtools-v85-4.28.1.jar:/Users/ilham/.m2/repository/org/seleniumhq/selenium/selenium-edge-driver/4.28.1/selenium-edge-driver-4.28.1.jar:/Users/ilham/.m2/repository/org/seleniumhq/selenium/selenium-firefox-driver/4.28.1/selenium-firefox-driver-4.28.1.jar:/Users/ilham/.m2/repository/org/seleniumhq/selenium/selenium-http/4.28.1/selenium-http-4.28.1.jar:/Users/ilham/.m2/repository/org/seleniumhq/selenium/selenium-ie-driver/4.28.1/selenium-ie-driver-4.28.1.jar:/Users/ilham/.m2/repository/org/seleniumhq/selenium/selenium-remote-driver/4.28.1/selenium-remote-driver-4.28.1.jar:/Users/ilham/.m2/repository/com/google/guava/guava/33.4.0-jre/guava-33.4.0-jre.jar:/Users/ilham/.m2/repository/com/google/guava/failureaccess/1.0.2/failureaccess-1.0.2.jar:/Users/ilham/.m2/repository/com/google/guava/listenablefuture/9999.0-empty-to-avoid-conflict-with-guava/listenablefuture-9999.0-empty-to-avoid-conflict-with-guava.jar:/Users/ilham/.m2/repository/com/google/code/findbugs/jsr305/3.0.2/jsr305-3.0.2.jar:/Users/ilham/.m2/repository/org/checkerframework/checker-qual/3.43.0/checker-qual-3.43.0.jar:/Users/ilham/.m2/repository/com/google/j2objc/j2objc-annotations/3.0.0/j2objc-annotations-3.0.0.jar:/Users/ilham/.m2/repository/io/opentelemetry/semconv/opentelemetry-semconv/1.28.0-alpha/opentelemetry-semconv-1.28.0-alpha.jar:/Users/ilham/.m2/repository/io/opentelemetry/opentelemetry-api/1.46.0/opentelemetry-api-1.46.0.jar:/Users/ilham/.m2/repository/io/opentelemetry/opentelemetry-context/1.46.0/opentelemetry-context-1.46.0.jar:/Users/ilham/.m2/repository/io/opentelemetry/opentelemetry-exporter-logging/1.46.0/opentelemetry-exporter-logging-1.46.0.jar:/Users/ilham/.m2/repository/io/opentelemetry/opentelemetry-sdk-common/1.46.0/opentelemetry-sdk-common-1.46.0.jar:/Users/ilham/.m2/repository/io/opentelemetry/opentelemetry-sdk-extension-autoconfigure-spi/1.46.0/opentelemetry-sdk-extension-autoconfigure-spi-1.46.0.jar:/Users/ilham/.m2/repository/io/opentelemetry/opentelemetry-sdk-extension-autoconfigure/1.46.0/opentelemetry-sdk-extension-autoconfigure-1.46.0.jar:/Users/ilham/.m2/repository/io/opentelemetry/opentelemetry-api-incubator/1.46.0-alpha/opentelemetry-api-incubator-1.46.0-alpha.jar:/Users/ilham/.m2/repository/io/opentelemetry/opentelemetry-sdk-trace/1.46.0/opentelemetry-sdk-trace-1.46.0.jar:/Users/ilham/.m2/repository/io/opentelemetry/opentelemetry-sdk/1.46.0/opentelemetry-sdk-1.46.0.jar:/Users/ilham/.m2/repository/io/opentelemetry/opentelemetry-sdk-metrics/1.46.0/opentelemetry-sdk-metrics-1.46.0.jar:/Users/ilham/.m2/repository/io/opentelemetry/opentelemetry-sdk-logs/1.46.0/opentelemetry-sdk-logs-1.46.0.jar:/Users/ilham/.m2/repository/net/bytebuddy/byte-buddy/1.15.11/byte-buddy-1.15.11.jar:/Users/ilham/.m2/repository/org/seleniumhq/selenium/selenium-os/4.28.1/selenium-os-4.28.1.jar:/Users/ilham/.m2/repository/org/apache/commons/commons-exec/1.4.0/commons-exec-1.4.0.jar:/Users/ilham/.m2/repository/org/seleniumhq/selenium/selenium-safari-driver/4.28.1/selenium-safari-driver-4.28.1.jar:/Users/ilham/.m2/repository/org/seleniumhq/selenium/selenium-support/4.28.1/selenium-support-4.28.1.jar:/Users/ilham/.m2/repository/io/cucumber/cucumber-java/7.21.1/cucumber-java-7.21.1.jar:/Users/ilham/.m2/repository/io/cucumber/cucumber-core/7.21.1/cucumber-core-7.21.1.jar:/Users/ilham/.m2/repository/io/cucumber/cucumber-gherkin/7.21.1/cucumber-gherkin-7.21.1.jar:/Users/ilham/.m2/repository/io/cucumber/cucumber-gherkin-messages/7.21.1/cucumber-gherkin-messages-7.21.1.jar:/Users/ilham/.m2/repository/io/cucumber/gherkin/31.0.0/gherkin-31.0.0.jar:/Users/ilham/.m2/repository/io/cucumber/messages/27.2.0/messages-27.2.0.jar:/Users/ilham/.m2/repository/io/cucumber/testng-xml-formatter/0.3.1/testng-xml-formatter-0.3.1.jar:/Users/ilham/.m2/repository/io/cucumber/query/13.2.0/query-13.2.0.jar:/Users/ilham/.m2/repository/io/cucumber/tag-expressions/6.1.2/tag-expressions-6.1.2.jar:/Users/ilham/.m2/repository/io/cucumber/cucumber-expressions/18.0.1/cucumber-expressions-18.0.1.jar:/Users/ilham/.m2/repository/io/cucumber/datatable/7.21.1/datatable-7.21.1.jar:/Users/ilham/.m2/repository/io/cucumber/cucumber-plugin/7.21.1/cucumber-plugin-7.21.1.jar:/Users/ilham/.m2/repository/io/cucumber/docstring/7.21.1/docstring-7.21.1.jar:/Users/ilham/.m2/repository/io/cucumber/html-formatter/21.9.0/html-formatter-21.9.0.jar:/Users/ilham/.m2/repository/io/cucumber/junit-xml-formatter/0.7.1/junit-xml-formatter-0.7.1.jar:/Users/ilham/.m2/repository/io/cucumber/ci-environment/10.0.1/ci-environment-10.0.1.jar:/Users/ilham/.m2/repository/io/cucumber/cucumber-junit/7.21.1/cucumber-junit-7.21.1.jar:/Users/ilham/.m2/repository/junit/junit/4.13.2/junit-4.13.2.jar:/Users/ilham/.m2/repository/org/hamcrest/hamcrest-core/1.3/hamcrest-core-1.3.jar:/Users/ilham/.m2/repository/io/github/bonigarcia/webdrivermanager/5.9.3/webdrivermanager-5.9.3.jar:/Users/ilham/.m2/repository/com/google/code/gson/gson/2.12.1/gson-2.12.1.jar:/Users/ilham/.m2/repository/com/google/errorprone/error_prone_annotations/2.36.0/error_prone_annotations-2.36.0.jar:/Users/ilham/.m2/repository/com/github/docker-java/docker-java/3.4.1/docker-java-3.4.1.jar:/Users/ilham/.m2/repository/com/github/docker-java/docker-java-core/3.4.1/docker-java-core-3.4.1.jar:/Users/ilham/.m2/repository/com/github/docker-java/docker-java-api/3.4.1/docker-java-api-3.4.1.jar:/Users/ilham/.m2/repository/com/fasterxml/jackson/core/jackson-annotations/2.10.3/jackson-annotations-2.10.3.jar:/Users/ilham/.m2/repository/com/fasterxml/jackson/core/jackson-databind/2.10.3/jackson-databind-2.10.3.jar:/Users/ilham/.m2/repository/com/fasterxml/jackson/core/jackson-core/2.10.3/jackson-core-2.10.3.jar:/Users/ilham/.m2/repository/org/slf4j/jcl-over-slf4j/1.7.30/jcl-over-slf4j-1.7.30.jar:/Users/ilham/.m2/repository/com/github/docker-java/docker-java-transport-httpclient5/3.4.1/docker-java-transport-httpclient5-3.4.1.jar:/Users/ilham/.m2/repository/com/github/docker-java/docker-java-transport/3.4.1/docker-java-transport-3.4.1.jar:/Users/ilham/.m2/repository/net/java/dev/jna/jna/5.13.0/jna-5.13.0.jar:/Users/ilham/.m2/repository/org/brotli/dec/0.1.2/dec-0.1.2.jar:/Users/ilham/.m2/repository/org/apache/commons/commons-lang3/3.17.0/commons-lang3-3.17.0.jar:/Users/ilham/.m2/repository/org/apache/commons/commons-compress/1.27.1/commons-compress-1.27.1.jar:/Users/ilham/.m2/repository/commons-codec/commons-codec/1.17.1/commons-codec-1.17.1.jar:/Users/ilham/.m2/repository/commons-io/commons-io/2.16.1/commons-io-2.16.1.jar:/Users/ilham/.m2/repository/org/apache/httpcomponents/client5/httpclient5/5.2.1/httpclient5-5.2.1.jar:/Users/ilham/.m2/repository/org/apache/httpcomponents/core5/httpcore5/5.2/httpcore5-5.2.jar:/Users/ilham/.m2/repository/org/apache/httpcomponents/core5/httpcore5-h2/5.2/httpcore5-h2-5.2.jar:/Users/ilham/.m2/repository/org/junit/platform/junit-platform-suite/1.12.0-RC2/junit-platform-suite-1.12.0-RC2.jar:/Users/ilham/.m2/repository/org/junit/platform/junit-platform-suite-api/1.11.0/junit-platform-suite-api-1.11.0.jar:/Users/ilham/.m2/repository/org/junit/platform/junit-platform-suite-engine/1.11.0/junit-platform-suite-engine-1.11.0.jar:/Users/ilham/.m2/repository/org/junit/platform/junit-platform-suite-commons/1.11.0/junit-platform-suite-commons-1.11.0.jar:/Users/ilham/.m2/repository/org/junit/platform/junit-platform-launcher/1.11.0/junit-platform-launcher-1.11.0.jar:/Users/ilham/.m2/repository/io/cucumber/cucumber-junit-platform-engine/7.21.1/cucumber-junit-platform-engine-7.21.1.jar:/Users/ilham/.m2/repository/org/slf4j/slf4j-api/2.0.9/slf4j-api-2.0.9.jar:/Users/ilham/.m2/repository/ch/qos/logback/logback-classic/1.4.11/logback-classic-1.4.11.jar:/Users/ilham/.m2/repository/ch/qos/logback/logback-core/1.4.11/logback-core-1.4.11.jar:/Users/ilham/.m2/repository/org/seleniumhq/selenium/selenium-chrome-driver/4.28.1/selenium-chrome-driver-4.28.1.jar:/Users/ilham/.m2/repository/com/google/auto/service/auto-service-annotations/1.1.1/auto-service-annotations-1.1.1.jar:/Users/ilham/.m2/repository/org/seleniumhq/selenium/selenium-chromium-driver/4.28.1/selenium-chromium-driver-4.28.1.jar:/Users/ilham/.m2/repository/org/seleniumhq/selenium/selenium-json/4.28.1/selenium-json-4.28.1.jar:/Users/ilham/.m2/repository/org/seleniumhq/selenium/selenium-manager/4.28.1/selenium-manager-4.28.1.jar:"/>
    <property name="java.vm.vendor" value="Homebrew"/>
    <property name="sun.arch.data.model" value="64"/>
    <property name="java.vendor.url" value="https://github.com/Homebrew/homebrew-core/issues"/>
    <property name="user.timezone" value="Asia/Makassar"/>
    <property name="os.name" value="Mac OS X"/>
    <property name="java.vm.specification.version" value="23"/>
    <property name="sun.java.launcher" value="SUN_STANDARD"/>
    <property name="user.country" value="ID"/>
    <property name="sun.boot.library.path" value="/opt/homebrew/Cellar/openjdk/23.0.1/libexec/openjdk.jdk/Contents/Home/lib"/>
    <property name="sun.java.command" value="/Users/ilham/development/csite5.1/careersite/target/surefire/surefirebooter-20250217171220419_3.jar /Users/ilham/development/csite5.1/careersite/target/surefire 2025-02-17T17-12-20_365-jvmRun1 surefire-20250217171220419_1tmp surefire_0-20250217171220419_2tmp"/>
    <property name="http.nonProxyHosts" value="local|*.local|169.254/16|*.169.254/16"/>
    <property name="jdk.debug" value="release"/>
    <property name="surefire.test.class.path" value="/Users/ilham/development/csite5.1/careersite/target/test-classes:/Users/ilham/development/csite5.1/careersite/target/classes:/Users/ilham/.m2/repository/org/junit/jupiter/junit-jupiter-api/5.11.0/junit-jupiter-api-5.11.0.jar:/Users/ilham/.m2/repository/org/opentest4j/opentest4j/1.3.0/opentest4j-1.3.0.jar:/Users/ilham/.m2/repository/org/junit/platform/junit-platform-commons/1.11.0/junit-platform-commons-1.11.0.jar:/Users/ilham/.m2/repository/org/apiguardian/apiguardian-api/1.1.2/apiguardian-api-1.1.2.jar:/Users/ilham/.m2/repository/org/junit/jupiter/junit-jupiter-params/5.11.0/junit-jupiter-params-5.11.0.jar:/Users/ilham/.m2/repository/org/junit/jupiter/junit-jupiter-engine/5.11.0/junit-jupiter-engine-5.11.0.jar:/Users/ilham/.m2/repository/org/junit/platform/junit-platform-engine/1.11.0/junit-platform-engine-1.11.0.jar:/Users/ilham/.m2/repository/org/seleniumhq/selenium/selenium-java/4.28.1/selenium-java-4.28.1.jar:/Users/ilham/.m2/repository/org/seleniumhq/selenium/selenium-api/4.28.1/selenium-api-4.28.1.jar:/Users/ilham/.m2/repository/org/jspecify/jspecify/1.0.0/jspecify-1.0.0.jar:/Users/ilham/.m2/repository/org/seleniumhq/selenium/selenium-devtools-v130/4.28.1/selenium-devtools-v130-4.28.1.jar:/Users/ilham/.m2/repository/org/seleniumhq/selenium/selenium-devtools-v131/4.28.1/selenium-devtools-v131-4.28.1.jar:/Users/ilham/.m2/repository/org/seleniumhq/selenium/selenium-devtools-v132/4.28.1/selenium-devtools-v132-4.28.1.jar:/Users/ilham/.m2/repository/org/seleniumhq/selenium/selenium-devtools-v85/4.28.1/selenium-devtools-v85-4.28.1.jar:/Users/ilham/.m2/repository/org/seleniumhq/selenium/selenium-edge-driver/4.28.1/selenium-edge-driver-4.28.1.jar:/Users/ilham/.m2/repository/org/seleniumhq/selenium/selenium-firefox-driver/4.28.1/selenium-firefox-driver-4.28.1.jar:/Users/ilham/.m2/repository/org/seleniumhq/selenium/selenium-http/4.28.1/selenium-http-4.28.1.jar:/Users/ilham/.m2/repository/org/seleniumhq/selenium/selenium-ie-driver/4.28.1/selenium-ie-driver-4.28.1.jar:/Users/ilham/.m2/repository/org/seleniumhq/selenium/selenium-remote-driver/4.28.1/selenium-remote-driver-4.28.1.jar:/Users/ilham/.m2/repository/com/google/guava/guava/33.4.0-jre/guava-33.4.0-jre.jar:/Users/ilham/.m2/repository/com/google/guava/failureaccess/1.0.2/failureaccess-1.0.2.jar:/Users/ilham/.m2/repository/com/google/guava/listenablefuture/9999.0-empty-to-avoid-conflict-with-guava/listenablefuture-9999.0-empty-to-avoid-conflict-with-guava.jar:/Users/ilham/.m2/repository/com/google/code/findbugs/jsr305/3.0.2/jsr305-3.0.2.jar:/Users/ilham/.m2/repository/org/checkerframework/checker-qual/3.43.0/checker-qual-3.43.0.jar:/Users/ilham/.m2/repository/com/google/j2objc/j2objc-annotations/3.0.0/j2objc-annotations-3.0.0.jar:/Users/ilham/.m2/repository/io/opentelemetry/semconv/opentelemetry-semconv/1.28.0-alpha/opentelemetry-semconv-1.28.0-alpha.jar:/Users/ilham/.m2/repository/io/opentelemetry/opentelemetry-api/1.46.0/opentelemetry-api-1.46.0.jar:/Users/ilham/.m2/repository/io/opentelemetry/opentelemetry-context/1.46.0/opentelemetry-context-1.46.0.jar:/Users/ilham/.m2/repository/io/opentelemetry/opentelemetry-exporter-logging/1.46.0/opentelemetry-exporter-logging-1.46.0.jar:/Users/ilham/.m2/repository/io/opentelemetry/opentelemetry-sdk-common/1.46.0/opentelemetry-sdk-common-1.46.0.jar:/Users/ilham/.m2/repository/io/opentelemetry/opentelemetry-sdk-extension-autoconfigure-spi/1.46.0/opentelemetry-sdk-extension-autoconfigure-spi-1.46.0.jar:/Users/ilham/.m2/repository/io/opentelemetry/opentelemetry-sdk-extension-autoconfigure/1.46.0/opentelemetry-sdk-extension-autoconfigure-1.46.0.jar:/Users/ilham/.m2/repository/io/opentelemetry/opentelemetry-api-incubator/1.46.0-alpha/opentelemetry-api-incubator-1.46.0-alpha.jar:/Users/ilham/.m2/repository/io/opentelemetry/opentelemetry-sdk-trace/1.46.0/opentelemetry-sdk-trace-1.46.0.jar:/Users/ilham/.m2/repository/io/opentelemetry/opentelemetry-sdk/1.46.0/opentelemetry-sdk-1.46.0.jar:/Users/ilham/.m2/repository/io/opentelemetry/opentelemetry-sdk-metrics/1.46.0/opentelemetry-sdk-metrics-1.46.0.jar:/Users/ilham/.m2/repository/io/opentelemetry/opentelemetry-sdk-logs/1.46.0/opentelemetry-sdk-logs-1.46.0.jar:/Users/ilham/.m2/repository/net/bytebuddy/byte-buddy/1.15.11/byte-buddy-1.15.11.jar:/Users/ilham/.m2/repository/org/seleniumhq/selenium/selenium-os/4.28.1/selenium-os-4.28.1.jar:/Users/ilham/.m2/repository/org/apache/commons/commons-exec/1.4.0/commons-exec-1.4.0.jar:/Users/ilham/.m2/repository/org/seleniumhq/selenium/selenium-safari-driver/4.28.1/selenium-safari-driver-4.28.1.jar:/Users/ilham/.m2/repository/org/seleniumhq/selenium/selenium-support/4.28.1/selenium-support-4.28.1.jar:/Users/ilham/.m2/repository/io/cucumber/cucumber-java/7.21.1/cucumber-java-7.21.1.jar:/Users/ilham/.m2/repository/io/cucumber/cucumber-core/7.21.1/cucumber-core-7.21.1.jar:/Users/ilham/.m2/repository/io/cucumber/cucumber-gherkin/7.21.1/cucumber-gherkin-7.21.1.jar:/Users/ilham/.m2/repository/io/cucumber/cucumber-gherkin-messages/7.21.1/cucumber-gherkin-messages-7.21.1.jar:/Users/ilham/.m2/repository/io/cucumber/gherkin/31.0.0/gherkin-31.0.0.jar:/Users/ilham/.m2/repository/io/cucumber/messages/27.2.0/messages-27.2.0.jar:/Users/ilham/.m2/repository/io/cucumber/testng-xml-formatter/0.3.1/testng-xml-formatter-0.3.1.jar:/Users/ilham/.m2/repository/io/cucumber/query/13.2.0/query-13.2.0.jar:/Users/ilham/.m2/repository/io/cucumber/tag-expressions/6.1.2/tag-expressions-6.1.2.jar:/Users/ilham/.m2/repository/io/cucumber/cucumber-expressions/18.0.1/cucumber-expressions-18.0.1.jar:/Users/ilham/.m2/repository/io/cucumber/datatable/7.21.1/datatable-7.21.1.jar:/Users/ilham/.m2/repository/io/cucumber/cucumber-plugin/7.21.1/cucumber-plugin-7.21.1.jar:/Users/ilham/.m2/repository/io/cucumber/docstring/7.21.1/docstring-7.21.1.jar:/Users/ilham/.m2/repository/io/cucumber/html-formatter/21.9.0/html-formatter-21.9.0.jar:/Users/ilham/.m2/repository/io/cucumber/junit-xml-formatter/0.7.1/junit-xml-formatter-0.7.1.jar:/Users/ilham/.m2/repository/io/cucumber/ci-environment/10.0.1/ci-environment-10.0.1.jar:/Users/ilham/.m2/repository/io/cucumber/cucumber-junit/7.21.1/cucumber-junit-7.21.1.jar:/Users/ilham/.m2/repository/junit/junit/4.13.2/junit-4.13.2.jar:/Users/ilham/.m2/repository/org/hamcrest/hamcrest-core/1.3/hamcrest-core-1.3.jar:/Users/ilham/.m2/repository/io/github/bonigarcia/webdrivermanager/5.9.3/webdrivermanager-5.9.3.jar:/Users/ilham/.m2/repository/com/google/code/gson/gson/2.12.1/gson-2.12.1.jar:/Users/ilham/.m2/repository/com/google/errorprone/error_prone_annotations/2.36.0/error_prone_annotations-2.36.0.jar:/Users/ilham/.m2/repository/com/github/docker-java/docker-java/3.4.1/docker-java-3.4.1.jar:/Users/ilham/.m2/repository/com/github/docker-java/docker-java-core/3.4.1/docker-java-core-3.4.1.jar:/Users/ilham/.m2/repository/com/github/docker-java/docker-java-api/3.4.1/docker-java-api-3.4.1.jar:/Users/ilham/.m2/repository/com/fasterxml/jackson/core/jackson-annotations/2.10.3/jackson-annotations-2.10.3.jar:/Users/ilham/.m2/repository/com/fasterxml/jackson/core/jackson-databind/2.10.3/jackson-databind-2.10.3.jar:/Users/ilham/.m2/repository/com/fasterxml/jackson/core/jackson-core/2.10.3/jackson-core-2.10.3.jar:/Users/ilham/.m2/repository/org/slf4j/jcl-over-slf4j/1.7.30/jcl-over-slf4j-1.7.30.jar:/Users/ilham/.m2/repository/com/github/docker-java/docker-java-transport-httpclient5/3.4.1/docker-java-transport-httpclient5-3.4.1.jar:/Users/ilham/.m2/repository/com/github/docker-java/docker-java-transport/3.4.1/docker-java-transport-3.4.1.jar:/Users/ilham/.m2/repository/net/java/dev/jna/jna/5.13.0/jna-5.13.0.jar:/Users/ilham/.m2/repository/org/brotli/dec/0.1.2/dec-0.1.2.jar:/Users/ilham/.m2/repository/org/apache/commons/commons-lang3/3.17.0/commons-lang3-3.17.0.jar:/Users/ilham/.m2/repository/org/apache/commons/commons-compress/1.27.1/commons-compress-1.27.1.jar:/Users/ilham/.m2/repository/commons-codec/commons-codec/1.17.1/commons-codec-1.17.1.jar:/Users/ilham/.m2/repository/commons-io/commons-io/2.16.1/commons-io-2.16.1.jar:/Users/ilham/.m2/repository/org/apache/httpcomponents/client5/httpclient5/5.2.1/httpclient5-5.2.1.jar:/Users/ilham/.m2/repository/org/apache/httpcomponents/core5/httpcore5/5.2/httpcore5-5.2.jar:/Users/ilham/.m2/repository/org/apache/httpcomponents/core5/httpcore5-h2/5.2/httpcore5-h2-5.2.jar:/Users/ilham/.m2/repository/org/junit/platform/junit-platform-suite/1.12.0-RC2/junit-platform-suite-1.12.0-RC2.jar:/Users/ilham/.m2/repository/org/junit/platform/junit-platform-suite-api/1.11.0/junit-platform-suite-api-1.11.0.jar:/Users/ilham/.m2/repository/org/junit/platform/junit-platform-suite-engine/1.11.0/junit-platform-suite-engine-1.11.0.jar:/Users/ilham/.m2/repository/org/junit/platform/junit-platform-suite-commons/1.11.0/junit-platform-suite-commons-1.11.0.jar:/Users/ilham/.m2/repository/org/junit/platform/junit-platform-launcher/1.11.0/junit-platform-launcher-1.11.0.jar:/Users/ilham/.m2/repository/io/cucumber/cucumber-junit-platform-engine/7.21.1/cucumber-junit-platform-engine-7.21.1.jar:/Users/ilham/.m2/repository/org/slf4j/slf4j-api/2.0.9/slf4j-api-2.0.9.jar:/Users/ilham/.m2/repository/ch/qos/logback/logback-classic/1.4.11/logback-classic-1.4.11.jar:/Users/ilham/.m2/repository/ch/qos/logback/logback-core/1.4.11/logback-core-1.4.11.jar:/Users/ilham/.m2/repository/org/seleniumhq/selenium/selenium-chrome-driver/4.28.1/selenium-chrome-driver-4.28.1.jar:/Users/ilham/.m2/repository/com/google/auto/service/auto-service-annotations/1.1.1/auto-service-annotations-1.1.1.jar:/Users/ilham/.m2/repository/org/seleniumhq/selenium/selenium-chromium-driver/4.28.1/selenium-chromium-driver-4.28.1.jar:/Users/ilham/.m2/repository/org/seleniumhq/selenium/selenium-json/4.28.1/selenium-json-4.28.1.jar:/Users/ilham/.m2/repository/org/seleniumhq/selenium/selenium-manager/4.28.1/selenium-manager-4.28.1.jar:"/>
    <property name="sun.cpu.endian" value="little"/>
    <property name="user.home" value="/Users/ilham"/>
    <property name="user.language" value="en"/>
    <property name="java.specification.vendor" value="Oracle Corporation"/>
    <property name="java.version.date" value="2024-10-15"/>
    <property name="java.home" value="/opt/homebrew/Cellar/openjdk/23.0.1/libexec/openjdk.jdk/Contents/Home"/>
    <property name="file.separator" value="/"/>
    <property name="basedir" value="/Users/ilham/development/csite5.1/careersite"/>
    <property name="java.vm.compressedOopsMode" value="Zero based"/>
    <property name="line.separator" value="&#10;"/>
    <property name="java.vm.specification.vendor" value="Oracle Corporation"/>
    <property name="java.specification.name" value="Java Platform API Specification"/>
    <property name="apple.awt.application.name" value="ForkedBooter"/>
    <property name="surefire.real.class.path" value="/Users/ilham/development/csite5.1/careersite/target/surefire/surefirebooter-20250217171220419_3.jar"/>
    <property name="sun.management.compiler" value="HotSpot 64-Bit Tiered Compilers"/>
    <property name="ftp.nonProxyHosts" value="local|*.local|169.254/16|*.169.254/16"/>
    <property name="java.runtime.version" value="23.0.1"/>
    <property name="user.name" value="ilham"/>
    <property name="stdout.encoding" value="UTF-8"/>
    <property name="path.separator" value=":"/>
    <property name="os.version" value="15.3.1"/>
    <property name="java.runtime.name" value="OpenJDK Runtime Environment"/>
    <property name="file.encoding" value="UTF-8"/>
    <property name="java.vm.name" value="OpenJDK 64-Bit Server VM"/>
    <property name="java.vendor.version" value="Homebrew"/>
    <property name="localRepository" value="/Users/ilham/.m2/repository"/>
    <property name="java.vendor.url.bug" value="https://github.com/Homebrew/homebrew-core/issues"/>
    <property name="java.io.tmpdir" value="/var/folders/dz/3dx70kkn0dd7qwdw3t8v7z0r0000gn/T/"/>
    <property name="java.version" value="23.0.1"/>
    <property name="user.dir" value="/Users/ilham/development/csite5.1/careersite"/>
    <property name="os.arch" value="aarch64"/>
    <property name="java.vm.specification.name" value="Java Virtual Machine Specification"/>
    <property name="native.encoding" value="UTF-8"/>
    <property name="java.library.path" value="/Users/ilham/Library/Java/Extensions:/Library/Java/Extensions:/Network/Library/Java/Extensions:/System/Library/Java/Extensions:/usr/lib/java:."/>
    <property name="java.vm.info" value="mixed mode, sharing"/>
    <property name="stderr.encoding" value="UTF-8"/>
    <property name="java.vendor" value="Homebrew"/>
    <property name="java.vm.version" value="23.0.1"/>
    <property name="sun.io.unicode.encoding" value="UnicodeBig"/>
    <property name="socksNonProxyHosts" value="local|*.local|169.254/16|*.169.254/16"/>
    <property name="java.class.version" value="67.0"/>
  </properties>
  <testcase name="Successful Login" classname="Login Functionality" time="11.096">
    <system-out><![CDATA[
Scenario: Successful Login                                                &amp#27;[90m# features/Login.feature:6&amp#27;[0m
17:12:21.368 [main] DEBUG io.github.bonigarcia.wdm.WebDriverManager -- Using WebDriverManager 5.9.3
17:12:21.609 [main] DEBUG io.github.bonigarcia.wdm.cache.ResolutionCache -- Resolution chrome=133 in cache (valid until 18:11:03 17/02/2025 WITA)
17:12:21.610 [main] DEBUG io.github.bonigarcia.wdm.cache.ResolutionCache -- Resolution chrome133=133.0.6943.98 in cache (valid until 11:17:19 18/02/2025 WITA)
17:12:21.610 [main] INFO io.github.bonigarcia.wdm.WebDriverManager -- Using chromedriver 133.0.6943.98 (resolved driver for Chrome 133)
17:12:21.633 [main] DEBUG io.github.bonigarcia.wdm.WebDriverManager -- Driver chromedriver 133.0.6943.98 found in cache
17:12:21.633 [main] INFO io.github.bonigarcia.wdm.WebDriverManager -- Exporting webdriver.chrome.driver as /Users/ilham/.cache/selenium/chromedriver/mac-arm64/133.0.6943.98/chromedriver
  &amp#27;[32mGiven &amp#27;[0m&amp#27;[32mI open the browser and website &amp#27;[0m&amp#27;[32m&amp#27;[1m"https://dev-testing.rekrut.site/"&amp#27;[0m &amp#27;[90m# stepDefinations.LoginSteps.setup(java.lang.String)&amp#27;[0m
  &amp#27;[32mWhen &amp#27;[0m&amp#27;[32mI click on the login link&amp#27;[0m                                          &amp#27;[90m# stepDefinations.LoginSteps.i_click_on_the_login_link()&amp#27;[0m
  &amp#27;[32mAnd &amp#27;[0m&amp#27;[32mI enter &amp#27;[0m&amp#27;[32m&amp#27;[1m"erica@maildrop.cc"&amp#27;[0m&amp#27;[32m and &amp#27;[0m&amp#27;[32m&amp#27;[1m"12345678"&amp#27;[0m                          &amp#27;[90m# stepDefinations.LoginSteps.i_enter_and(java.lang.String,java.lang.String)&amp#27;[0m
  &amp#27;[32mThen &amp#27;[0m&amp#27;[32mI should see the home page&amp#27;[0m                                         &amp#27;[90m# stepDefinations.LoginSteps.i_should_see_the_home_page()&amp#27;[0m
]]></system-out>
    <system-err><![CDATA[Feb 17, 2025 5:12:23 PM org.openqa.selenium.devtools.CdpVersionFinder findNearestMatch
WARNING: Unable to find an exact match for CDP version 133, returning the closest version; found: 132; Please update to a Selenium version that supports CDP version 133
]]></system-err>
  </testcase>
</testsuite>